<?xml version="1.0" encoding="UTF-8"?>
<!-- Generated by org.testng.reporters.JUnitXMLReporter -->
<testsuite ignored="0" hostname="MUM01TL00227" failures="2" tests="7" name="Banking Test1" time="93.06" errors="0" timestamp="2021-02-28T03:32:24 IST">
  <testcase classname="com.banking.testcases.TC_LoginTest_001" name="loginTest" time="5.177"/>
  <testcase classname="com.banking.testcases.TC_LoginDDT_002" name="login" time="10.533"/>
  <testcase classname="com.banking.testcases.TC_LoginDDT_002" name="login" time="3.506">
    <failure type="java.lang.AssertionError" message="Invalid login credentials expected [true] but found [false]">
      <![CDATA[java.lang.AssertionError: Invalid login credentials expected [true] but found [false]
at com.banking.testcases.TC_LoginDDT_002.login(TC_LoginDDT_002.java:30)
at java.base/java.util.ArrayList.forEach(ArrayList.java:1511)
... Removed 30 stack frames]]>
    </failure>
  </testcase> <!-- login -->
  <testcase classname="com.banking.testcases.TC_LoginDDT_002" name="login" time="12.128"/>
  <testcase classname="com.banking.testcases.TC_LoginDDT_002" name="login" time="6.882"/>
  <testcase classname="com.banking.testcases.TC_LoginDDT_002" name="login" time="3.593">
    <failure type="java.lang.AssertionError" message="Invalid login credentials expected [true] but found [false]">
      <![CDATA[java.lang.AssertionError: Invalid login credentials expected [true] but found [false]
at com.banking.testcases.TC_LoginDDT_002.login(TC_LoginDDT_002.java:30)
at java.base/java.util.ArrayList.forEach(ArrayList.java:1511)
... Removed 30 stack frames]]>
    </failure>
  </testcase> <!-- login -->
  <testcase classname="com.banking.testcases.TC_AddCustomerTest_003" name="addNewCustomer" time="14.084"/>
</testsuite> <!-- Banking Test1 -->
