<?xml version="1.0" encoding="UTF-8"?>
<testsuite xmlns:xsi="http://www.w3.org/2001/XMLSchema-instance" xsi:noNamespaceSchemaLocation="https://maven.apache.org/surefire/maven-surefire-plugin/xsd/surefire-test-report.xsd" name="TestSuite" time="35.301" tests="2" errors="0" skipped="0" failures="0">
  <properties>
[...]
</properties>
  <testcase name="loginTest" classname="com.banking.testcases.TC_LoginTest_001" time="4.69"/>
  <testcase name="addNewCustomer" classname="com.banking.testcases.TC_AddCustomerTest_003" time="12.522"/>
</testsuite>