<?xml version="1.0" encoding="UTF-8"?>
<testng-results ignored="0" total="2" passed="2" failed="0" skipped="0">
  <reporter-output>
  </reporter-output>
  <suite started-at="2021-03-02T23:29:45 IST" name="Banking Suite1" finished-at="2021-03-02T23:30:19 IST" duration-ms="33815">
    <groups>
    </groups>
    <test started-at="2021-03-02T23:29:45 IST" name="Banking Test1" finished-at="2021-03-02T23:30:19 IST" duration-ms="33815">
      <class name="com.banking.testcases.TC_AddCustomerTest_003">
        <test-method is-config="true" signature="setup(java.lang.String)[pri:0, instance:com.banking.testcases.TC_AddCustomerTest_003@7fc2413d]" started-at="2021-03-02T23:29:59 IST" name="setup" finished-at="2021-03-02T23:30:06 IST" duration-ms="6732" status="PASS">
          <params>
            <param index="0">
              <value>
                <![CDATA[chrome]]>
              </value>
            </param>
          </params>
          <reporter-output>
          </reporter-output>
        </test-method> <!-- setup -->
        <test-method signature="addNewCustomer()[pri:0, instance:com.banking.testcases.TC_AddCustomerTest_003@7fc2413d]" started-at="2021-03-02T23:30:06 IST" name="addNewCustomer" finished-at="2021-03-02T23:30:19 IST" duration-ms="12521" status="PASS">
          <reporter-output>
          </reporter-output>
        </test-method> <!-- addNewCustomer -->
        <test-method is-config="true" signature="tearDown()[pri:0, instance:com.banking.testcases.TC_AddCustomerTest_003@7fc2413d]" started-at="2021-03-02T23:30:19 IST" name="tearDown" finished-at="2021-03-02T23:30:19 IST" duration-ms="575" status="PASS">
          <reporter-output>
          </reporter-output>
        </test-method> <!-- tearDown -->
      </class> <!-- com.banking.testcases.TC_AddCustomerTest_003 -->
      <class name="com.banking.testcases.TC_LoginTest_001">
        <test-method is-config="true" signature="setup(java.lang.String)[pri:0, instance:com.banking.testcases.TC_LoginTest_001@7995092a]" started-at="2021-03-02T23:29:46 IST" name="setup" finished-at="2021-03-02T23:29:54 IST" duration-ms="7811" status="PASS">
          <params>
            <param index="0">
              <value>
                <![CDATA[chrome]]>
              </value>
            </param>
          </params>
          <reporter-output>
          </reporter-output>
        </test-method> <!-- setup -->
        <test-method signature="loginTest()[pri:0, instance:com.banking.testcases.TC_LoginTest_001@7995092a]" started-at="2021-03-02T23:29:54 IST" name="loginTest" finished-at="2021-03-02T23:29:58 IST" duration-ms="4672" status="PASS">
          <reporter-output>
          </reporter-output>
        </test-method> <!-- loginTest -->
        <test-method is-config="true" signature="tearDown()[pri:0, instance:com.banking.testcases.TC_LoginTest_001@7995092a]" started-at="2021-03-02T23:29:58 IST" name="tearDown" finished-at="2021-03-02T23:29:59 IST" duration-ms="1018" status="PASS">
          <reporter-output>
          </reporter-output>
        </test-method> <!-- tearDown -->
      </class> <!-- com.banking.testcases.TC_LoginTest_001 -->
    </test> <!-- Banking Test1 -->
  </suite> <!-- Banking Suite1 -->
</testng-results>
