<?xml version="1.0" encoding="UTF-8"?>
<!-- Generated by org.testng.reporters.JUnitXMLReporter -->
<testsuite ignored="0" hostname="MUM01TL00227" failures="2" tests="2" name="Banking Test1(failed)" time="39.278" errors="0" timestamp="2021-02-28T03:35:40 IST">
  <testcase classname="com.banking.testcases.TC_LoginDDT_002" name="login" time="11.175">
    <failure type="java.lang.AssertionError" message="Invalid login credentials expected [true] but found [false]">
      <![CDATA[java.lang.AssertionError: Invalid login credentials expected [true] but found [false]
at com.banking.testcases.TC_LoginDDT_002.login(TC_LoginDDT_002.java:30)
at java.base/java.util.ArrayList.forEach(ArrayList.java:1511)
... Removed 30 stack frames]]>
    </failure>
  </testcase> <!-- login -->
  <testcase classname="com.banking.testcases.TC_LoginDDT_002" name="login" time="8.3">
    <failure type="java.lang.AssertionError" message="Invalid login credentials expected [true] but found [false]">
      <![CDATA[java.lang.AssertionError: Invalid login credentials expected [true] but found [false]
at com.banking.testcases.TC_LoginDDT_002.login(TC_LoginDDT_002.java:30)
at java.base/java.util.ArrayList.forEach(ArrayList.java:1511)
... Removed 30 stack frames]]>
    </failure>
  </testcase> <!-- login -->
</testsuite> <!-- Banking Test1(failed) -->
